Started by user unknown or anonymous
Obtained backend/Jenkinsfile from git https://github.com/ettomarett/hamlaoui-devops.git
[Pipeline] Start of Pipeline
[Pipeline] node
Running on Jenkins in /var/jenkins_home/workspace/e-commerce-pipeline
[Pipeline] {
[Pipeline] stage
[Pipeline] { (Declarative: Checkout SCM)
[Pipeline] checkout
The recommended git tool is: git
No credentials specified
 > git rev-parse --resolve-git-dir /var/jenkins_home/workspace/e-commerce-pipeline/.git # timeout=10
Fetching changes from the remote Git repository
 > git config remote.origin.url https://github.com/ettomarett/hamlaoui-devops.git # timeout=10
Fetching upstream changes from https://github.com/ettomarett/hamlaoui-devops.git
 > git --version # timeout=10
 > git --version # 'git version 2.39.5'
 > git fetch --tags --force --progress -- https://github.com/ettomarett/hamlaoui-devops.git +refs/heads/*:refs/remotes/origin/* # timeout=10
 > git rev-parse refs/remotes/origin/main^{commit} # timeout=10
Checking out Revision 06715fc25798cdbeaeb519a214957d1cdab3216f (refs/remotes/origin/main)
 > git config core.sparsecheckout # timeout=10
 > git checkout -f 06715fc25798cdbeaeb519a214957d1cdab3216f # timeout=10
Commit message: "restructure"
 > git rev-list --no-walk 99a7c531e5b94856416c643e87314a48a3075081 # timeout=10
[Pipeline] }
[Pipeline] // stage
[Pipeline] withEnv
[Pipeline] {
[Pipeline] withEnv
[Pipeline] {
[Pipeline] stage
[Pipeline] { (ğŸš€ Pipeline Start)
[Pipeline] echo
ğŸ¯ STARTING E-COMMERCE MICROSERVICES CI/CD PIPELINE
[Pipeline] echo
ğŸ“… Build Date: Tue May 27 02:10:01 UTC 2025
[Pipeline] echo
ğŸ”¢ Build Number: 13
[Pipeline] echo
ğŸŒ¿ Branch: origin/main
[Pipeline] cleanWs
[WS-CLEANUP] Deleting project workspace...
[WS-CLEANUP] Deferred wipeout is used...
[WS-CLEANUP] done
[Pipeline] checkout
The recommended git tool is: git
No credentials specified
Cloning the remote Git repository
Cloning repository https://github.com/ettomarett/hamlaoui-devops.git
 > git init /var/jenkins_home/workspace/e-commerce-pipeline # timeout=10
Fetching upstream changes from https://github.com/ettomarett/hamlaoui-devops.git
 > git --version # timeout=10
 > git --version # 'git version 2.39.5'
 > git fetch --tags --force --progress -- https://github.com/ettomarett/hamlaoui-devops.git +refs/heads/*:refs/remotes/origin/* # timeout=10
 > git config remote.origin.url https://github.com/ettomarett/hamlaoui-devops.git # timeout=10
 > git config --add remote.origin.fetch +refs/heads/*:refs/remotes/origin/* # timeout=10
Avoid second fetch
 > git rev-parse refs/remotes/origin/main^{commit} # timeout=10
Checking out Revision 06715fc25798cdbeaeb519a214957d1cdab3216f (refs/remotes/origin/main)
 > git config core.sparsecheckout # timeout=10
 > git checkout -f 06715fc25798cdbeaeb519a214957d1cdab3216f # timeout=10
Commit message: "restructure"
[Pipeline] script
[Pipeline] {
[Pipeline] sh
+ git rev-parse --short HEAD
[Pipeline] }
[Pipeline] // script
[Pipeline] echo
ğŸ“ Commit: 06715fc
[Pipeline] }
[Pipeline] // stage
[Pipeline] stage
[Pipeline] { (ğŸ”§ Setup Build Environment)
[Pipeline] echo
ğŸ”§ Setting up Build Environment...
[Pipeline] sh
+ echo ğŸ“‹ Checking and installing required tools...
ğŸ“‹ Checking and installing required tools...
+ 
+ echo ğŸ“¦ Maven not found, installing...
ğŸ“¦ Maven not found, installing...
+ echo â¬‡ï¸ Downloading Maven 3.9.6...
â¬‡ï¸ Downloading Maven 3.9.6...
+ curl -L -o apache-maven-3.9.6-bin.tar.gz https://archive.apache.org/dist/maven/maven-3/3.9.6/binaries/apache-maven-3.9.6-bin.tar.gz
+ command -v mvn
  % Total    % Received % Xferd  Average Speed   Time    Time     Time  Current
                                 Dload  Upload   Total   Spent    Left  Speed

  0     0    0     0    0     0      0      0 --:--:-- --:--:-- --:--:--     0
100 9189k  100 9189k    0     0  12.8M      0 --:--:-- --:--:-- --:--:-- 12.8M
+ echo ğŸ“¦ Extracting Maven...
ğŸ“¦ Extracting Maven...
+ tar -xzf apache-maven-3.9.6-bin.tar.gz
+ echo âœ… Maven installed successfully
âœ… Maven installed successfully
+ echo ğŸ“Š Environment Status:
ğŸ“Š Environment Status:
+ echo Java Version:
Java Version:
+ java -version
openjdk version "17.0.15" 2025-04-15
OpenJDK Runtime Environment Temurin-17.0.15+6 (build 17.0.15+6)
OpenJDK 64-Bit Server VM Temurin-17.0.15+6 (build 17.0.15+6, mixed mode)
+ echo Maven Version:
Maven Version:
+ /opt/maven/bin/mvn -version
/var/jenkins_home/workspace/e-commerce-pipeline@tmp/durable-9d3872e1/script.sh.copy: 32: /opt/maven/bin/mvn: not found
+ mvn -version
/var/jenkins_home/workspace/e-commerce-pipeline@tmp/durable-9d3872e1/script.sh.copy: 32: mvn: not found
+ echo Maven installation in progress...
Maven installation in progress...
+ echo Docker Version:
Docker Version:
+ docker --version
/var/jenkins_home/workspace/e-commerce-pipeline@tmp/durable-9d3872e1/script.sh.copy: 34: docker: not found
[Pipeline] }
[Pipeline] // stage
[Pipeline] stage
[Pipeline] { (ğŸ“¦ Build Microservices)
Stage "ğŸ“¦ Build Microservices" skipped due to earlier failure(s)
[Pipeline] getContext
[Pipeline] parallel
[Pipeline] { (Branch: ğŸ›ï¸ Product Service)
[Pipeline] { (Branch: ğŸ“¦ Inventory Service)
[Pipeline] { (Branch: ğŸ›’ Order Service)
[Pipeline] stage
[Pipeline] { (ğŸ›ï¸ Product Service)
[Pipeline] stage
[Pipeline] { (ğŸ“¦ Inventory Service)
[Pipeline] stage
[Pipeline] { (ğŸ›’ Order Service)
Stage "ğŸ›ï¸ Product Service" skipped due to earlier failure(s)
[Pipeline] getContext
[Pipeline] }
Stage "ğŸ“¦ Inventory Service" skipped due to earlier failure(s)
[Pipeline] getContext
[Pipeline] }
Stage "ğŸ›’ Order Service" skipped due to earlier failure(s)
[Pipeline] getContext
[Pipeline] }
[Pipeline] // stage
[Pipeline] // stage
[Pipeline] // stage
[Pipeline] }
Failed in branch ğŸ›ï¸ Product Service
[Pipeline] }
Failed in branch ğŸ“¦ Inventory Service
[Pipeline] }
Failed in branch ğŸ›’ Order Service
[Pipeline] // parallel
[Pipeline] }
[Pipeline] // stage
[Pipeline] stage
[Pipeline] { (ğŸ§ª Run Tests)
Stage "ğŸ§ª Run Tests" skipped due to earlier failure(s)
[Pipeline] getContext
[Pipeline] parallel
[Pipeline] { (Branch: ğŸ›ï¸ Test Product)
[Pipeline] { (Branch: ğŸ“¦ Test Inventory)
[Pipeline] { (Branch: ğŸ›’ Test Order)
[Pipeline] stage
[Pipeline] { (ğŸ›ï¸ Test Product)
[Pipeline] stage
[Pipeline] { (ğŸ“¦ Test Inventory)
[Pipeline] stage
[Pipeline] { (ğŸ›’ Test Order)
Stage "ğŸ›ï¸ Test Product" skipped due to earlier failure(s)
[Pipeline] getContext
[Pipeline] }
Stage "ğŸ“¦ Test Inventory" skipped due to earlier failure(s)
[Pipeline] getContext
[Pipeline] }
Stage "ğŸ›’ Test Order" skipped due to earlier failure(s)
[Pipeline] getContext
[Pipeline] }
[Pipeline] // stage
[Pipeline] // stage
[Pipeline] // stage
[Pipeline] }
Failed in branch ğŸ›ï¸ Test Product
[Pipeline] }
Failed in branch ğŸ“¦ Test Inventory
[Pipeline] }
Failed in branch ğŸ›’ Test Order
[Pipeline] // parallel
[Pipeline] }
[Pipeline] // stage
[Pipeline] stage
[Pipeline] { (ğŸ³ Build Docker Images)
Stage "ğŸ³ Build Docker Images" skipped due to earlier failure(s)
[Pipeline] getContext
[Pipeline] parallel
[Pipeline] { (Branch: ğŸ›ï¸ Docker Product)
[Pipeline] { (Branch: ğŸ“¦ Docker Inventory)
[Pipeline] { (Branch: ğŸ›’ Docker Order)
[Pipeline] stage
[Pipeline] { (ğŸ›ï¸ Docker Product)
[Pipeline] stage
[Pipeline] { (ğŸ“¦ Docker Inventory)
[Pipeline] stage
[Pipeline] { (ğŸ›’ Docker Order)
Stage "ğŸ›ï¸ Docker Product" skipped due to earlier failure(s)
[Pipeline] getContext
[Pipeline] }
Stage "ğŸ“¦ Docker Inventory" skipped due to earlier failure(s)
[Pipeline] getContext
[Pipeline] }
Stage "ğŸ›’ Docker Order" skipped due to earlier failure(s)
[Pipeline] getContext
[Pipeline] }
[Pipeline] // stage
[Pipeline] // stage
[Pipeline] // stage
[Pipeline] }
Failed in branch ğŸ›ï¸ Docker Product
[Pipeline] }
Failed in branch ğŸ“¦ Docker Inventory
[Pipeline] }
Failed in branch ğŸ›’ Docker Order
[Pipeline] // parallel
[Pipeline] }
[Pipeline] // stage
[Pipeline] stage
[Pipeline] { (ğŸ“¤ Push to Registry)
Stage "ğŸ“¤ Push to Registry" skipped due to earlier failure(s)
[Pipeline] getContext
[Pipeline] }
[Pipeline] // stage
[Pipeline] stage
[Pipeline] { (â˜¸ï¸ Deploy to Kubernetes)
Stage "â˜¸ï¸ Deploy to Kubernetes" skipped due to earlier failure(s)
[Pipeline] getContext
[Pipeline] }
[Pipeline] // stage
[Pipeline] stage
[Pipeline] { (ğŸ” Health Check & Verification)
Stage "ğŸ” Health Check & Verification" skipped due to earlier failure(s)
[Pipeline] getContext
[Pipeline] }
[Pipeline] // stage
[Pipeline] stage
[Pipeline] { (ğŸ§¹ Cleanup)
Stage "ğŸ§¹ Cleanup" skipped due to earlier failure(s)
[Pipeline] getContext
[Pipeline] }
[Pipeline] // stage
[Pipeline] stage
[Pipeline] { (Declarative: Post Actions)
[Pipeline] echo

            ğŸ“Š ========================================
            ğŸ“Š PIPELINE EXECUTION COMPLETED
            ğŸ“Š ========================================
            
            ğŸ“… Timestamp: Tue May 27 02:10:11 UTC 2025
            ğŸ”¢ Build Number: 13
            ğŸ“ Git Commit: 06715fc
            ğŸŒ¿ Branch: origin/main
            â±ï¸ Duration: 12 sec
            
            ğŸ“‹ Workspace cleaned and ready for next build
            
[Pipeline] script
[Pipeline] {
[Pipeline] archiveArtifacts
Archiving artifacts
[Pipeline] echo
ğŸ“¦ Build artifacts archived
[Pipeline] }
[Pipeline] // script
[Pipeline] script
[Pipeline] {
[Pipeline] echo

                âŒ ========================================
                âŒ PIPELINE FAILED!
                âŒ ========================================
                
                ğŸ“Š FAILURE SUMMARY:
                âŒ Build Number: 13
                âŒ Duration: 12 sec
                âŒ Git Commit: 06715fc
                
                ğŸ” TROUBLESHOOTING STEPS:
                1. Check the build logs above for specific errors
                2. Verify Docker registry is accessible
                3. Check Kubernetes cluster status
                4. Ensure all dependencies are available
                5. Review application configuration
                
                ğŸ“ Need help? Check the Jenkins console output for detailed error messages.
                
[Pipeline] }
[Pipeline] // script
[Pipeline] }
[Pipeline] // stage
[Pipeline] }
[Pipeline] // withEnv
[Pipeline] }
[Pipeline] // withEnv
[Pipeline] }
[Pipeline] // node
[Pipeline] End of Pipeline
ERROR: script returned exit code 127
Finished: FAILURE
